MonDetails/app/build/intermediates/manifest_merge_blame_file/debug/processDebugMainManifest/manifest-merger-blame-debug-report.txt
1<?xml version="1.0" encoding="utf-8"?>
2<manifest xmlns:android="http://schemas.android.com/apk/res/android"
3    package="fr.uge.mondetails"
4    android:versionCode="1"
5    android:versionName="1.0" >
6
7    <uses-sdk
8        android:minSdkVersion="21"
9        android:targetSdkVersion="35" />
10
11    <uses-permission android:name="android.permission.INTERNET" />
11-->src\main\AndroidManifest.xml:27:5-67
11-->src\main\AndroidManifest.xml:27:22-64
12    <uses-permission android:name="android.permission.ACCESS_NETWORK_STATE" />
12-->src\main\AndroidManifest.xml:28:5-79
12-->src\main\AndroidManifest.xml:28:22-76
13    <uses-permission
13-->src\main\AndroidManifest.xml:29:5-108
14        android:name="android.permission.WRITE_EXTERNAL_STORAGE"
14-->src\main\AndroidManifest.xml:29:22-78
15        android:maxSdkVersion="28" />
15-->src\main\AndroidManifest.xml:29:79-105
16    <uses-permission android:name="android.permission.ACCESS_FINE_LOCATION" />
16-->src\main\AndroidManifest.xml:30:5-79
16-->src\main\AndroidManifest.xml:30:22-76
17    <uses-permission android:name="android.permission.ACCESS_COARSE_LOCATION" />
17-->src\main\AndroidManifest.xml:31:5-81
17-->src\main\AndroidManifest.xml:31:22-78
18
19    <uses-feature
19-->[com.google.android.gms:play-services-maps:18.2.0] AndroidManifest.xml:26:5-28:35
20        android:glEsVersion="0x00020000"
20-->[com.google.android.gms:play-services-maps:18.2.0] AndroidManifest.xml:27:9-41
21        android:required="true" />
21-->[com.google.android.gms:play-services-maps:18.2.0] AndroidManifest.xml:28:9-32
22
23    <queries>
23-->[com.google.android.gms:play-services-maps:18.2.0] AndroidManifest.xml:30:5-34:15
24
25        <!-- Needs to be explicitly declared on Android R+ -->
26        <package android:name="com.google.android.apps.maps" />
26-->[com.google.android.gms:play-services-maps:18.2.0] AndroidManifest.xml:33:9-64
26-->[com.google.android.gms:play-services-maps:18.2.0] AndroidManifest.xml:33:18-61
27        <package android:name="androidx.test.orchestrator" />
27-->[androidx.test:runner:1.5.0] AndroidManifest.xml:25:9-62
27-->[androidx.test:runner:1.5.0] AndroidManifest.xml:25:18-59
28        <package android:name="androidx.test.services" />
28-->[androidx.test:runner:1.5.0] AndroidManifest.xml:26:9-58
28-->[androidx.test:runner:1.5.0] AndroidManifest.xml:26:18-55
29        <package android:name="com.google.android.apps.common.testing.services" />
29-->[androidx.test:runner:1.5.0] AndroidManifest.xml:27:9-83
29-->[androidx.test:runner:1.5.0] AndroidManifest.xml:27:18-80
30    </queries>
31
32    <permission
32-->[androidx.core:core:1.15.0] AndroidManifest.xml:22:5-24:47
33        android:name="fr.uge.mondetails.DYNAMIC_RECEIVER_NOT_EXPORTED_PERMISSION"
33-->[androidx.core:core:1.15.0] AndroidManifest.xml:23:9-81
34        android:protectionLevel="signature" />
34-->[androidx.core:core:1.15.0] AndroidManifest.xml:24:9-44
35
36    <uses-permission android:name="fr.uge.mondetails.DYNAMIC_RECEIVER_NOT_EXPORTED_PERMISSION" />
36-->[androidx.core:core:1.15.0] AndroidManifest.xml:26:5-97
36-->[androidx.core:core:1.15.0] AndroidManifest.xml:26:22-94
37    <uses-permission android:name="android.permission.REORDER_TASKS" />
37-->[androidx.test:core:1.5.0] AndroidManifest.xml:24:5-72
37-->[androidx.test:core:1.5.0] AndroidManifest.xml:24:22-69
38
39    <supports-screens
39-->[org.osmdroid:osmdroid-android:6.1.18] AndroidManifest.xml:9:5-12:40
40        android:anyDensity="true"
40-->[org.osmdroid:osmdroid-android:6.1.18] AndroidManifest.xml:10:9-34
41        android:largeScreens="true"
41-->[org.osmdroid:osmdroid-android:6.1.18] AndroidManifest.xml:11:9-36
42        android:normalScreens="true" />
42-->[org.osmdroid:osmdroid-android:6.1.18] AndroidManifest.xml:12:9-37
43
44    <uses-feature
44-->[org.osmdroid:osmdroid-android:6.1.18] AndroidManifest.xml:14:5-16:36
45        android:name="android.hardware.location.network"
45-->[org.osmdroid:osmdroid-android:6.1.18] AndroidManifest.xml:15:9-57
46        android:required="false" />
46-->[org.osmdroid:osmdroid-android:6.1.18] AndroidManifest.xml:16:9-33
47    <uses-feature
47-->[org.osmdroid:osmdroid-android:6.1.18] AndroidManifest.xml:17:5-19:36
48        android:name="android.hardware.location.gps"
48-->[org.osmdroid:osmdroid-android:6.1.18] AndroidManifest.xml:18:9-53
49        android:required="false" />
49-->[org.osmdroid:osmdroid-android:6.1.18] AndroidManifest.xml:19:9-33
50    <uses-feature
50-->[org.osmdroid:osmdroid-android:6.1.18] AndroidManifest.xml:20:5-22:36
51        android:name="android.hardware.telephony"
51-->[org.osmdroid:osmdroid-android:6.1.18] AndroidManifest.xml:21:9-50
52        android:required="false" />
52-->[org.osmdroid:osmdroid-android:6.1.18] AndroidManifest.xml:22:9-33
53    <uses-feature
53-->[org.osmdroid:osmdroid-android:6.1.18] AndroidManifest.xml:23:5-25:36
54        android:name="android.hardware.wifi"
54-->[org.osmdroid:osmdroid-android:6.1.18] AndroidManifest.xml:24:9-45
55        android:required="false" />
55-->[org.osmdroid:osmdroid-android:6.1.18] AndroidManifest.xml:25:9-33
56
57    <application
57-->src\main\AndroidManifest.xml:5:5-26:19
58        android:allowBackup="true"
58-->src\main\AndroidManifest.xml:6:9-35
59        android:appComponentFactory="androidx.core.app.CoreComponentFactory"
59-->[androidx.core:core:1.15.0] AndroidManifest.xml:28:18-86
60        android:dataExtractionRules="@xml/data_extraction_rules"
60-->src\main\AndroidManifest.xml:7:9-65
61        android:debuggable="true"
62        android:extractNativeLibs="true"
63        android:fullBackupContent="@xml/backup_rules"
63-->src\main\AndroidManifest.xml:8:9-54
64        android:icon="@mipmap/ic_launcher"
64-->src\main\AndroidManifest.xml:9:9-43
65        android:label="@string/app_name"
65-->src\main\AndroidManifest.xml:10:9-41
66        android:roundIcon="@mipmap/ic_launcher_round"
66-->src\main\AndroidManifest.xml:11:9-54
67        android:supportsRtl="true"
67-->src\main\AndroidManifest.xml:12:9-35
68        android:testOnly="true"
69        android:theme="@style/Theme.MonDetails" >
69-->src\main\AndroidManifest.xml:13:9-48
70        <activity
70-->src\main\AndroidManifest.xml:15:9-25:20
71            android:name="fr.uge.mondetails.MainActivity"
71-->src\main\AndroidManifest.xml:16:13-41
72            android:exported="true"
72-->src\main\AndroidManifest.xml:17:13-36
73            android:label="@string/app_name"
73-->src\main\AndroidManifest.xml:18:13-45
74            android:theme="@style/Theme.MonDetails" >
74-->src\main\AndroidManifest.xml:19:13-52
75            <intent-filter>
75-->src\main\AndroidManifest.xml:20:13-24:29
76                <action android:name="android.intent.action.MAIN" />
76-->src\main\AndroidManifest.xml:21:17-69
76-->src\main\AndroidManifest.xml:21:25-66
77
78                <category android:name="android.intent.category.LAUNCHER" />
78-->src\main\AndroidManifest.xml:23:17-77
78-->src\main\AndroidManifest.xml:23:27-74
79            </intent-filter>
80        </activity>
81        <activity
81-->[androidx.compose.ui:ui-tooling-android:1.7.8] AndroidManifest.xml:23:9-25:39
82            android:name="androidx.compose.ui.tooling.PreviewActivity"
82-->[androidx.compose.ui:ui-tooling-android:1.7.8] AndroidManifest.xml:24:13-71
83            android:exported="true" /> <!-- Needs to be explicitly declared on P+ -->
83-->[androidx.compose.ui:ui-tooling-android:1.7.8] AndroidManifest.xml:25:13-36
84        <uses-library
84-->[com.google.android.gms:play-services-maps:18.2.0] AndroidManifest.xml:39:9-41:40
85            android:name="org.apache.http.legacy"
85-->[com.google.android.gms:play-services-maps:18.2.0] AndroidManifest.xml:40:13-50
86            android:required="false" />
86-->[com.google.android.gms:play-services-maps:18.2.0] AndroidManifest.xml:41:13-37
87
88        <activity
88-->[com.google.android.gms:play-services-base:18.0.1] AndroidManifest.xml:20:9-22:45
89            android:name="com.google.android.gms.common.api.GoogleApiActivity"
89-->[com.google.android.gms:play-services-base:18.0.1] AndroidManifest.xml:20:19-85
90            android:exported="false"
90-->[com.google.android.gms:play-services-base:18.0.1] AndroidManifest.xml:22:19-43
91            android:theme="@android:style/Theme.Translucent.NoTitleBar" />
91-->[com.google.android.gms:play-services-base:18.0.1] AndroidManifest.xml:21:19-78
92
93        <meta-data
93-->[com.google.android.gms:play-services-basement:18.0.0] AndroidManifest.xml:21:9-23:69
94            android:name="com.google.android.gms.version"
94-->[com.google.android.gms:play-services-basement:18.0.0] AndroidManifest.xml:22:13-58
95            android:value="@integer/google_play_services_version" />
95-->[com.google.android.gms:play-services-basement:18.0.0] AndroidManifest.xml:23:13-66
96
97        <provider
97-->[androidx.emoji2:emoji2:1.3.0] AndroidManifest.xml:24:9-32:20
98            android:name="androidx.startup.InitializationProvider"
98-->[androidx.emoji2:emoji2:1.3.0] AndroidManifest.xml:25:13-67
99            android:authorities="fr.uge.mondetails.androidx-startup"
99-->[androidx.emoji2:emoji2:1.3.0] AndroidManifest.xml:26:13-68
100            android:exported="false" >
100-->[androidx.emoji2:emoji2:1.3.0] AndroidManifest.xml:27:13-37
101            <meta-data
101-->[androidx.emoji2:emoji2:1.3.0] AndroidManifest.xml:29:13-31:52
102                android:name="androidx.emoji2.text.EmojiCompatInitializer"
102-->[androidx.emoji2:emoji2:1.3.0] AndroidManifest.xml:30:17-75
103                android:value="androidx.startup" />
103-->[androidx.emoji2:emoji2:1.3.0] AndroidManifest.xml:31:17-49
104            <meta-data
104-->[androidx.lifecycle:lifecycle-process:2.8.7] AndroidManifest.xml:29:13-31:52
105                android:name="androidx.lifecycle.ProcessLifecycleInitializer"
105-->[androidx.lifecycle:lifecycle-process:2.8.7] AndroidManifest.xml:30:17-78
106                android:value="androidx.startup" />
106-->[androidx.lifecycle:lifecycle-process:2.8.7] AndroidManifest.xml:31:17-49
107            <meta-data
107-->[androidx.profileinstaller:profileinstaller:1.4.0] AndroidManifest.xml:29:13-31:52
108                android:name="androidx.profileinstaller.ProfileInstallerInitializer"
108-->[androidx.profileinstaller:profileinstaller:1.4.0] AndroidManifest.xml:30:17-85
109                android:value="androidx.startup" />
109-->[androidx.profileinstaller:profileinstaller:1.4.0] AndroidManifest.xml:31:17-49
110        </provider>
111
112        <activity
112-->[androidx.test:core:1.5.0] AndroidManifest.xml:27:9-34:20
113            android:name="androidx.test.core.app.InstrumentationActivityInvoker$BootstrapActivity"
113-->[androidx.test:core:1.5.0] AndroidManifest.xml:28:13-99
114            android:exported="true"
114-->[androidx.test:core:1.5.0] AndroidManifest.xml:29:13-36
115            android:theme="@style/WhiteBackgroundTheme" >
115-->[androidx.test:core:1.5.0] AndroidManifest.xml:30:13-56
116            <intent-filter android:priority="-100" >
116-->[androidx.test:core:1.5.0] AndroidManifest.xml:31:13-33:29
116-->[androidx.test:core:1.5.0] AndroidManifest.xml:31:28-51
117                <category android:name="android.intent.category.LAUNCHER" />
117-->src\main\AndroidManifest.xml:23:17-77
117-->src\main\AndroidManifest.xml:23:27-74
118            </intent-filter>
119        </activity>
120        <activity
120-->[androidx.test:core:1.5.0] AndroidManifest.xml:35:9-42:20
121            android:name="androidx.test.core.app.InstrumentationActivityInvoker$EmptyActivity"
121-->[androidx.test:core:1.5.0] AndroidManifest.xml:36:13-95
122            android:exported="true"
122-->[androidx.test:core:1.5.0] AndroidManifest.xml:37:13-36
123            android:theme="@style/WhiteBackgroundTheme" >
123-->[androidx.test:core:1.5.0] AndroidManifest.xml:38:13-56
124            <intent-filter android:priority="-100" >
124-->[androidx.test:core:1.5.0] AndroidManifest.xml:31:13-33:29
124-->[androidx.test:core:1.5.0] AndroidManifest.xml:31:28-51
125                <category android:name="android.intent.category.LAUNCHER" />
125-->src\main\AndroidManifest.xml:23:17-77
125-->src\main\AndroidManifest.xml:23:27-74
126            </intent-filter>
127        </activity>
128        <activity
128-->[androidx.test:core:1.5.0] AndroidManifest.xml:43:9-50:20
129            android:name="androidx.test.core.app.InstrumentationActivityInvoker$EmptyFloatingActivity"
129-->[androidx.test:core:1.5.0] AndroidManifest.xml:44:13-103
130            android:exported="true"
130-->[androidx.test:core:1.5.0] AndroidManifest.xml:45:13-36
131            android:theme="@style/WhiteBackgroundDialogTheme" >
131-->[androidx.test:core:1.5.0] AndroidManifest.xml:46:13-62
132            <intent-filter android:priority="-100" >
132-->[androidx.test:core:1.5.0] AndroidManifest.xml:31:13-33:29
132-->[androidx.test:core:1.5.0] AndroidManifest.xml:31:28-51
133                <category android:name="android.intent.category.LAUNCHER" />
133-->src\main\AndroidManifest.xml:23:17-77
133-->src\main\AndroidManifest.xml:23:27-74
134            </intent-filter>
135        </activity>
136        <activity
136-->[androidx.compose.ui:ui-test-manifest:1.7.8] AndroidManifest.xml:23:9-25:39
137            android:name="androidx.activity.ComponentActivity"
137-->[androidx.compose.ui:ui-test-manifest:1.7.8] AndroidManifest.xml:24:13-63
138            android:exported="true" />
138-->[androidx.compose.ui:ui-test-manifest:1.7.8] AndroidManifest.xml:25:13-36
139
140        <receiver
140-->[androidx.profileinstaller:profileinstaller:1.4.0] AndroidManifest.xml:34:9-52:20
141            android:name="androidx.profileinstaller.ProfileInstallReceiver"
141-->[androidx.profileinstaller:profileinstaller:1.4.0] AndroidManifest.xml:35:13-76
142            android:directBootAware="false"
142-->[androidx.profileinstaller:profileinstaller:1.4.0] AndroidManifest.xml:36:13-44
143            android:enabled="true"
143-->[androidx.profileinstaller:profileinstaller:1.4.0] AndroidManifest.xml:37:13-35
144            android:exported="true"
144-->[androidx.profileinstaller:profileinstaller:1.4.0] AndroidManifest.xml:38:13-36
145            android:permission="android.permission.DUMP" >
145-->[androidx.profileinstaller:profileinstaller:1.4.0] AndroidManifest.xml:39:13-57
146            <intent-filter>
146-->[androidx.profileinstaller:profileinstaller:1.4.0] AndroidManifest.xml:40:13-42:29
147                <action android:name="androidx.profileinstaller.action.INSTALL_PROFILE" />
147-->[androidx.profileinstaller:profileinstaller:1.4.0] AndroidManifest.xml:41:17-91
147-->[androidx.profileinstaller:profileinstaller:1.4.0] AndroidManifest.xml:41:25-88
148            </intent-filter>
149            <intent-filter>
149-->[androidx.profileinstaller:profileinstaller:1.4.0] AndroidManifest.xml:43:13-45:29
150                <action android:name="androidx.profileinstaller.action.SKIP_FILE" />
150-->[androidx.profileinstaller:profileinstaller:1.4.0] AndroidManifest.xml:44:17-85
150-->[androidx.profileinstaller:profileinstaller:1.4.0] AndroidManifest.xml:44:25-82
151            </intent-filter>
152            <intent-filter>
152-->[androidx.profileinstaller:profileinstaller:1.4.0] AndroidManifest.xml:46:13-48:29
153                <action android:name="androidx.profileinstaller.action.SAVE_PROFILE" />
153-->[androidx.profileinstaller:profileinstaller:1.4.0] AndroidManifest.xml:47:17-88
153-->[androidx.profileinstaller:profileinstaller:1.4.0] AndroidManifest.xml:47:25-85
154            </intent-filter>
155            <intent-filter>
155-->[androidx.profileinstaller:profileinstaller:1.4.0] AndroidManifest.xml:49:13-51:29
156                <action android:name="androidx.profileinstaller.action.BENCHMARK_OPERATION" />
156-->[androidx.profileinstaller:profileinstaller:1.4.0] AndroidManifest.xml:50:17-95
156-->[androidx.profileinstaller:profileinstaller:1.4.0] AndroidManifest.xml:50:25-92
157            </intent-filter>
158        </receiver>
159    </application>
160
161</manifest>